-------------------------------------------------------------------------------
Test set: com.apptesting.runner.MainRunner
-------------------------------------------------------------------------------
Tests run: 1, Failures: 0, Errors: 1, Skipped: 0, Time elapsed: 27.374 s <<< FAILURE! - in com.apptesting.runner.MainRunner
As a user i want to do addition on the calculator.Check that i can add one digit numbers to the calculator  Time elapsed: 25.077 s  <<< ERROR!
java.lang.NullPointerException

